find_header: checking for sqlite3.h... -------------------- yes

"gcc-4.2 -o conftest -I/Users/mathieu/.rvm/rubies/ruby-1.9.3-p0/include/ruby-1.9.1/x86_64-darwin10.6.0 -I/Users/mathieu/.rvm/rubies/ruby-1.9.3-p0/include/ruby-1.9.1/ruby/backward -I/Users/mathieu/.rvm/rubies/ruby-1.9.3-p0/include/ruby-1.9.1 -I. -D_XOPEN_SOURCE -D_DARWIN_C_SOURCE    -O3 -ggdb -Wextra -Wno-unused-parameter -Wno-parentheses -Wno-long-long -Wno-missing-field-initializers -Wpointer-arith -Wwrite-strings -Wdeclaration-after-statement -Wshorten-64-to-32 -Wimplicit-function-declaration  -fno-common -pipe conftest.c  -L. -L/Users/mathieu/.rvm/rubies/ruby-1.9.3-p0/lib -L.      -lruby.1.9.1  -lpthread -ldl -lobjc "
checked program was:
/* begin */
1: #include "ruby.h"
2: 
3: int main() {return 0;}
/* end */

"gcc-4.2 -E -I/Users/mathieu/.rvm/rubies/ruby-1.9.3-p0/include/ruby-1.9.1/x86_64-darwin10.6.0 -I/Users/mathieu/.rvm/rubies/ruby-1.9.3-p0/include/ruby-1.9.1/ruby/backward -I/Users/mathieu/.rvm/rubies/ruby-1.9.3-p0/include/ruby-1.9.1 -I. -D_XOPEN_SOURCE -D_DARWIN_C_SOURCE    -O3 -ggdb -Wextra -Wno-unused-parameter -Wno-parentheses -Wno-long-long -Wno-missing-field-initializers -Wpointer-arith -Wwrite-strings -Wdeclaration-after-statement -Wshorten-64-to-32 -Wimplicit-function-declaration  -fno-common -pipe  conftest.c -o conftest.i"
checked program was:
/* begin */
1: #include "ruby.h"
2: 
3: #include <sqlite3.h>
/* end */

--------------------

find_library: checking for sqlite3_libversion_number() in -lsqlite3... -------------------- yes

"gcc-4.2 -o conftest -I/Users/mathieu/.rvm/rubies/ruby-1.9.3-p0/include/ruby-1.9.1/x86_64-darwin10.6.0 -I/Users/mathieu/.rvm/rubies/ruby-1.9.3-p0/include/ruby-1.9.1/ruby/backward -I/Users/mathieu/.rvm/rubies/ruby-1.9.3-p0/include/ruby-1.9.1 -I. -D_XOPEN_SOURCE -D_DARWIN_C_SOURCE    -O3 -ggdb -Wextra -Wno-unused-parameter -Wno-parentheses -Wno-long-long -Wno-missing-field-initializers -Wpointer-arith -Wwrite-strings -Wdeclaration-after-statement -Wshorten-64-to-32 -Wimplicit-function-declaration  -fno-common -pipe conftest.c  -L. -L/Users/mathieu/.rvm/rubies/ruby-1.9.3-p0/lib -L.      -lruby.1.9.1 -lsqlite3  -lpthread -ldl -lobjc "
conftest.c: In function ‘t’:
conftest.c:5: error: ‘sqlite3_libversion_number’ undeclared (first use in this function)
conftest.c:5: error: (Each undeclared identifier is reported only once
conftest.c:5: error: for each function it appears in.)
checked program was:
/* begin */
1: #include "ruby.h"
2: 
3: /*top*/
4: int main() {return 0;}
5: int t() { void ((*volatile p)()); p = (void ((*)()))sqlite3_libversion_number; return 0; }
/* end */

"gcc-4.2 -o conftest -I/Users/mathieu/.rvm/rubies/ruby-1.9.3-p0/include/ruby-1.9.1/x86_64-darwin10.6.0 -I/Users/mathieu/.rvm/rubies/ruby-1.9.3-p0/include/ruby-1.9.1/ruby/backward -I/Users/mathieu/.rvm/rubies/ruby-1.9.3-p0/include/ruby-1.9.1 -I. -D_XOPEN_SOURCE -D_DARWIN_C_SOURCE    -O3 -ggdb -Wextra -Wno-unused-parameter -Wno-parentheses -Wno-long-long -Wno-missing-field-initializers -Wpointer-arith -Wwrite-strings -Wdeclaration-after-statement -Wshorten-64-to-32 -Wimplicit-function-declaration  -fno-common -pipe conftest.c  -L. -L/Users/mathieu/.rvm/rubies/ruby-1.9.3-p0/lib -L.      -lruby.1.9.1 -lsqlite3  -lpthread -ldl -lobjc "
conftest.c: In function ‘t’:
conftest.c:5: warning: implicit declaration of function ‘sqlite3_libversion_number’
checked program was:
/* begin */
1: #include "ruby.h"
2: 
3: /*top*/
4: int main() {return 0;}
5: int t() { sqlite3_libversion_number(); return 0; }
/* end */

--------------------

have_func: checking for rb_proc_arity()... -------------------- yes

"gcc-4.2 -o conftest -I/Users/mathieu/.rvm/rubies/ruby-1.9.3-p0/include/ruby-1.9.1/x86_64-darwin10.6.0 -I/Users/mathieu/.rvm/rubies/ruby-1.9.3-p0/include/ruby-1.9.1/ruby/backward -I/Users/mathieu/.rvm/rubies/ruby-1.9.3-p0/include/ruby-1.9.1 -I. -D_XOPEN_SOURCE -D_DARWIN_C_SOURCE    -O3 -ggdb -Wextra -Wno-unused-parameter -Wno-parentheses -Wno-long-long -Wno-missing-field-initializers -Wpointer-arith -Wwrite-strings -Wdeclaration-after-statement -Wshorten-64-to-32 -Wimplicit-function-declaration  -fno-common -pipe conftest.c  -L. -L/Users/mathieu/.rvm/rubies/ruby-1.9.3-p0/lib -L.     -lsqlite3  -lruby.1.9.1 -lsqlite3  -lpthread -ldl -lobjc "
checked program was:
/* begin */
1: #include "ruby.h"
2: 
3: /*top*/
4: int main() {return 0;}
5: int t() { void ((*volatile p)()); p = (void ((*)()))rb_proc_arity; return 0; }
/* end */

--------------------

have_func: checking for sqlite3_initialize()... -------------------- yes

"gcc-4.2 -o conftest -I/Users/mathieu/.rvm/rubies/ruby-1.9.3-p0/include/ruby-1.9.1/x86_64-darwin10.6.0 -I/Users/mathieu/.rvm/rubies/ruby-1.9.3-p0/include/ruby-1.9.1/ruby/backward -I/Users/mathieu/.rvm/rubies/ruby-1.9.3-p0/include/ruby-1.9.1 -I. -D_XOPEN_SOURCE -D_DARWIN_C_SOURCE    -O3 -ggdb -Wextra -Wno-unused-parameter -Wno-parentheses -Wno-long-long -Wno-missing-field-initializers -Wpointer-arith -Wwrite-strings -Wdeclaration-after-statement -Wshorten-64-to-32 -Wimplicit-function-declaration  -fno-common -pipe conftest.c  -L. -L/Users/mathieu/.rvm/rubies/ruby-1.9.3-p0/lib -L.     -lsqlite3  -lruby.1.9.1 -lsqlite3  -lpthread -ldl -lobjc "
conftest.c: In function ‘t’:
conftest.c:5: error: ‘sqlite3_initialize’ undeclared (first use in this function)
conftest.c:5: error: (Each undeclared identifier is reported only once
conftest.c:5: error: for each function it appears in.)
checked program was:
/* begin */
1: #include "ruby.h"
2: 
3: /*top*/
4: int main() {return 0;}
5: int t() { void ((*volatile p)()); p = (void ((*)()))sqlite3_initialize; return 0; }
/* end */

"gcc-4.2 -o conftest -I/Users/mathieu/.rvm/rubies/ruby-1.9.3-p0/include/ruby-1.9.1/x86_64-darwin10.6.0 -I/Users/mathieu/.rvm/rubies/ruby-1.9.3-p0/include/ruby-1.9.1/ruby/backward -I/Users/mathieu/.rvm/rubies/ruby-1.9.3-p0/include/ruby-1.9.1 -I. -D_XOPEN_SOURCE -D_DARWIN_C_SOURCE    -O3 -ggdb -Wextra -Wno-unused-parameter -Wno-parentheses -Wno-long-long -Wno-missing-field-initializers -Wpointer-arith -Wwrite-strings -Wdeclaration-after-statement -Wshorten-64-to-32 -Wimplicit-function-declaration  -fno-common -pipe conftest.c  -L. -L/Users/mathieu/.rvm/rubies/ruby-1.9.3-p0/lib -L.     -lsqlite3  -lruby.1.9.1 -lsqlite3  -lpthread -ldl -lobjc "
conftest.c: In function ‘t’:
conftest.c:5: warning: implicit declaration of function ‘sqlite3_initialize’
checked program was:
/* begin */
1: #include "ruby.h"
2: 
3: /*top*/
4: int main() {return 0;}
5: int t() { sqlite3_initialize(); return 0; }
/* end */

--------------------

have_func: checking for sqlite3_backup_init()... -------------------- yes

"gcc-4.2 -o conftest -I/Users/mathieu/.rvm/rubies/ruby-1.9.3-p0/include/ruby-1.9.1/x86_64-darwin10.6.0 -I/Users/mathieu/.rvm/rubies/ruby-1.9.3-p0/include/ruby-1.9.1/ruby/backward -I/Users/mathieu/.rvm/rubies/ruby-1.9.3-p0/include/ruby-1.9.1 -I. -D_XOPEN_SOURCE -D_DARWIN_C_SOURCE    -O3 -ggdb -Wextra -Wno-unused-parameter -Wno-parentheses -Wno-long-long -Wno-missing-field-initializers -Wpointer-arith -Wwrite-strings -Wdeclaration-after-statement -Wshorten-64-to-32 -Wimplicit-function-declaration  -fno-common -pipe conftest.c  -L. -L/Users/mathieu/.rvm/rubies/ruby-1.9.3-p0/lib -L.     -lsqlite3  -lruby.1.9.1 -lsqlite3  -lpthread -ldl -lobjc "
conftest.c: In function ‘t’:
conftest.c:5: error: ‘sqlite3_backup_init’ undeclared (first use in this function)
conftest.c:5: error: (Each undeclared identifier is reported only once
conftest.c:5: error: for each function it appears in.)
checked program was:
/* begin */
1: #include "ruby.h"
2: 
3: /*top*/
4: int main() {return 0;}
5: int t() { void ((*volatile p)()); p = (void ((*)()))sqlite3_backup_init; return 0; }
/* end */

"gcc-4.2 -o conftest -I/Users/mathieu/.rvm/rubies/ruby-1.9.3-p0/include/ruby-1.9.1/x86_64-darwin10.6.0 -I/Users/mathieu/.rvm/rubies/ruby-1.9.3-p0/include/ruby-1.9.1/ruby/backward -I/Users/mathieu/.rvm/rubies/ruby-1.9.3-p0/include/ruby-1.9.1 -I. -D_XOPEN_SOURCE -D_DARWIN_C_SOURCE    -O3 -ggdb -Wextra -Wno-unused-parameter -Wno-parentheses -Wno-long-long -Wno-missing-field-initializers -Wpointer-arith -Wwrite-strings -Wdeclaration-after-statement -Wshorten-64-to-32 -Wimplicit-function-declaration  -fno-common -pipe conftest.c  -L. -L/Users/mathieu/.rvm/rubies/ruby-1.9.3-p0/lib -L.     -lsqlite3  -lruby.1.9.1 -lsqlite3  -lpthread -ldl -lobjc "
conftest.c: In function ‘t’:
conftest.c:5: warning: implicit declaration of function ‘sqlite3_backup_init’
checked program was:
/* begin */
1: #include "ruby.h"
2: 
3: /*top*/
4: int main() {return 0;}
5: int t() { sqlite3_backup_init(); return 0; }
/* end */

--------------------

have_func: checking for sqlite3_column_database_name()... -------------------- no

"gcc-4.2 -o conftest -I/Users/mathieu/.rvm/rubies/ruby-1.9.3-p0/include/ruby-1.9.1/x86_64-darwin10.6.0 -I/Users/mathieu/.rvm/rubies/ruby-1.9.3-p0/include/ruby-1.9.1/ruby/backward -I/Users/mathieu/.rvm/rubies/ruby-1.9.3-p0/include/ruby-1.9.1 -I. -D_XOPEN_SOURCE -D_DARWIN_C_SOURCE    -O3 -ggdb -Wextra -Wno-unused-parameter -Wno-parentheses -Wno-long-long -Wno-missing-field-initializers -Wpointer-arith -Wwrite-strings -Wdeclaration-after-statement -Wshorten-64-to-32 -Wimplicit-function-declaration  -fno-common -pipe conftest.c  -L. -L/Users/mathieu/.rvm/rubies/ruby-1.9.3-p0/lib -L.     -lsqlite3  -lruby.1.9.1 -lsqlite3  -lpthread -ldl -lobjc "
conftest.c: In function ‘t’:
conftest.c:5: error: ‘sqlite3_column_database_name’ undeclared (first use in this function)
conftest.c:5: error: (Each undeclared identifier is reported only once
conftest.c:5: error: for each function it appears in.)
checked program was:
/* begin */
1: #include "ruby.h"
2: 
3: /*top*/
4: int main() {return 0;}
5: int t() { void ((*volatile p)()); p = (void ((*)()))sqlite3_column_database_name; return 0; }
/* end */

"gcc-4.2 -o conftest -I/Users/mathieu/.rvm/rubies/ruby-1.9.3-p0/include/ruby-1.9.1/x86_64-darwin10.6.0 -I/Users/mathieu/.rvm/rubies/ruby-1.9.3-p0/include/ruby-1.9.1/ruby/backward -I/Users/mathieu/.rvm/rubies/ruby-1.9.3-p0/include/ruby-1.9.1 -I. -D_XOPEN_SOURCE -D_DARWIN_C_SOURCE    -O3 -ggdb -Wextra -Wno-unused-parameter -Wno-parentheses -Wno-long-long -Wno-missing-field-initializers -Wpointer-arith -Wwrite-strings -Wdeclaration-after-statement -Wshorten-64-to-32 -Wimplicit-function-declaration  -fno-common -pipe conftest.c  -L. -L/Users/mathieu/.rvm/rubies/ruby-1.9.3-p0/lib -L.     -lsqlite3  -lruby.1.9.1 -lsqlite3  -lpthread -ldl -lobjc "
conftest.c: In function ‘t’:
conftest.c:5: warning: implicit declaration of function ‘sqlite3_column_database_name’
Undefined symbols:
  "_sqlite3_column_database_name", referenced from:
      _t in ccFEYpUV.o
ld: symbol(s) not found
collect2: ld returned 1 exit status
checked program was:
/* begin */
1: #include "ruby.h"
2: 
3: /*top*/
4: int main() {return 0;}
5: int t() { sqlite3_column_database_name(); return 0; }
/* end */

--------------------

have_func: checking for sqlite3_enable_load_extension()... -------------------- no

"gcc-4.2 -o conftest -I/Users/mathieu/.rvm/rubies/ruby-1.9.3-p0/include/ruby-1.9.1/x86_64-darwin10.6.0 -I/Users/mathieu/.rvm/rubies/ruby-1.9.3-p0/include/ruby-1.9.1/ruby/backward -I/Users/mathieu/.rvm/rubies/ruby-1.9.3-p0/include/ruby-1.9.1 -I. -D_XOPEN_SOURCE -D_DARWIN_C_SOURCE    -O3 -ggdb -Wextra -Wno-unused-parameter -Wno-parentheses -Wno-long-long -Wno-missing-field-initializers -Wpointer-arith -Wwrite-strings -Wdeclaration-after-statement -Wshorten-64-to-32 -Wimplicit-function-declaration  -fno-common -pipe conftest.c  -L. -L/Users/mathieu/.rvm/rubies/ruby-1.9.3-p0/lib -L.     -lsqlite3  -lruby.1.9.1 -lsqlite3  -lpthread -ldl -lobjc "
conftest.c: In function ‘t’:
conftest.c:5: error: ‘sqlite3_enable_load_extension’ undeclared (first use in this function)
conftest.c:5: error: (Each undeclared identifier is reported only once
conftest.c:5: error: for each function it appears in.)
checked program was:
/* begin */
1: #include "ruby.h"
2: 
3: /*top*/
4: int main() {return 0;}
5: int t() { void ((*volatile p)()); p = (void ((*)()))sqlite3_enable_load_extension; return 0; }
/* end */

"gcc-4.2 -o conftest -I/Users/mathieu/.rvm/rubies/ruby-1.9.3-p0/include/ruby-1.9.1/x86_64-darwin10.6.0 -I/Users/mathieu/.rvm/rubies/ruby-1.9.3-p0/include/ruby-1.9.1/ruby/backward -I/Users/mathieu/.rvm/rubies/ruby-1.9.3-p0/include/ruby-1.9.1 -I. -D_XOPEN_SOURCE -D_DARWIN_C_SOURCE    -O3 -ggdb -Wextra -Wno-unused-parameter -Wno-parentheses -Wno-long-long -Wno-missing-field-initializers -Wpointer-arith -Wwrite-strings -Wdeclaration-after-statement -Wshorten-64-to-32 -Wimplicit-function-declaration  -fno-common -pipe conftest.c  -L. -L/Users/mathieu/.rvm/rubies/ruby-1.9.3-p0/lib -L.     -lsqlite3  -lruby.1.9.1 -lsqlite3  -lpthread -ldl -lobjc "
conftest.c: In function ‘t’:
conftest.c:5: warning: implicit declaration of function ‘sqlite3_enable_load_extension’
Undefined symbols:
  "_sqlite3_enable_load_extension", referenced from:
      _t in ccuf5kzn.o
ld: symbol(s) not found
collect2: ld returned 1 exit status
checked program was:
/* begin */
1: #include "ruby.h"
2: 
3: /*top*/
4: int main() {return 0;}
5: int t() { sqlite3_enable_load_extension(); return 0; }
/* end */

--------------------

have_func: checking for sqlite3_load_extension()... -------------------- no

"gcc-4.2 -o conftest -I/Users/mathieu/.rvm/rubies/ruby-1.9.3-p0/include/ruby-1.9.1/x86_64-darwin10.6.0 -I/Users/mathieu/.rvm/rubies/ruby-1.9.3-p0/include/ruby-1.9.1/ruby/backward -I/Users/mathieu/.rvm/rubies/ruby-1.9.3-p0/include/ruby-1.9.1 -I. -D_XOPEN_SOURCE -D_DARWIN_C_SOURCE    -O3 -ggdb -Wextra -Wno-unused-parameter -Wno-parentheses -Wno-long-long -Wno-missing-field-initializers -Wpointer-arith -Wwrite-strings -Wdeclaration-after-statement -Wshorten-64-to-32 -Wimplicit-function-declaration  -fno-common -pipe conftest.c  -L. -L/Users/mathieu/.rvm/rubies/ruby-1.9.3-p0/lib -L.     -lsqlite3  -lruby.1.9.1 -lsqlite3  -lpthread -ldl -lobjc "
conftest.c: In function ‘t’:
conftest.c:5: error: ‘sqlite3_load_extension’ undeclared (first use in this function)
conftest.c:5: error: (Each undeclared identifier is reported only once
conftest.c:5: error: for each function it appears in.)
checked program was:
/* begin */
1: #include "ruby.h"
2: 
3: /*top*/
4: int main() {return 0;}
5: int t() { void ((*volatile p)()); p = (void ((*)()))sqlite3_load_extension; return 0; }
/* end */

"gcc-4.2 -o conftest -I/Users/mathieu/.rvm/rubies/ruby-1.9.3-p0/include/ruby-1.9.1/x86_64-darwin10.6.0 -I/Users/mathieu/.rvm/rubies/ruby-1.9.3-p0/include/ruby-1.9.1/ruby/backward -I/Users/mathieu/.rvm/rubies/ruby-1.9.3-p0/include/ruby-1.9.1 -I. -D_XOPEN_SOURCE -D_DARWIN_C_SOURCE    -O3 -ggdb -Wextra -Wno-unused-parameter -Wno-parentheses -Wno-long-long -Wno-missing-field-initializers -Wpointer-arith -Wwrite-strings -Wdeclaration-after-statement -Wshorten-64-to-32 -Wimplicit-function-declaration  -fno-common -pipe conftest.c  -L. -L/Users/mathieu/.rvm/rubies/ruby-1.9.3-p0/lib -L.     -lsqlite3  -lruby.1.9.1 -lsqlite3  -lpthread -ldl -lobjc "
conftest.c: In function ‘t’:
conftest.c:5: warning: implicit declaration of function ‘sqlite3_load_extension’
Undefined symbols:
  "_sqlite3_load_extension", referenced from:
      _t in cc5Fi4WL.o
ld: symbol(s) not found
collect2: ld returned 1 exit status
checked program was:
/* begin */
1: #include "ruby.h"
2: 
3: /*top*/
4: int main() {return 0;}
5: int t() { sqlite3_load_extension(); return 0; }
/* end */

--------------------

